<?xml version="1.0" encoding="UTF-8"?>
<!-- Generated by org.testng.reporters.JUnitReportReporter -->
<testsuite hostname="2012-20150403HL" name="com.allinmd.util.DriverList" tests="1" failures="0" timestamp="17 Sep 2015 01:18:18 GMT" time="0.011" errors="0">
  <testcase name="f" time="0.011" classname="com.allinmd.util.DriverList"/>
</testsuite> <!-- com.allinmd.util.DriverList -->
