<?xml version="1.0" encoding="UTF-8"?>
<!-- Generated by org.testng.reporters.JUnitReportReporter -->
<testsuite hostname="2012-20150403HL" name="com.allinmd.util.SaveUserName" tests="1" failures="0" timestamp="16 Sep 2015 02:06:45 GMT" time="0.058" errors="0">
  <testcase name="f" time="0.058" classname="com.allinmd.util.SaveUserName"/>
</testsuite> <!-- com.allinmd.util.SaveUserName -->
