<?xml version="1.0" encoding="UTF-8"?>
<!-- Generated by org.testng.reporters.JUnitReportReporter -->
<testsuite hostname="2012-20150403HL" name="com.allinmd.util.GetResetPasswd" tests="1" failures="0" timestamp="17 Sep 2015 05:15:52 GMT" time="0.446" errors="0">
  <testcase name="f" time="0.446" classname="com.allinmd.util.GetResetPasswd"/>
</testsuite> <!-- com.allinmd.util.GetResetPasswd -->
