<?xml version="1.0" encoding="UTF-8"?>
<!-- Generated by org.testng.reporters.JUnitReportReporter -->
<testsuite hostname="2012-20150403HL" name="com.allinmd.android.PubSelectTopicCase" tests="2" failures="0" timestamp="8 Sep 2015 07:10:24 GMT" time="76.127" errors="0">
  <testcase name="pubTopic" time="46.199" classname="com.allinmd.android.PubSelectTopicCase"/>
  <testcase name="allinLogin" time="29.928" classname="com.allinmd.android.PubSelectTopicCase"/>
</testsuite> <!-- com.allinmd.android.PubSelectTopicCase -->
