<?xml version="1.0" encoding="UTF-8"?>
<!-- Generated by org.testng.reporters.JUnitReportReporter -->
<testsuite hostname="2012-20150403HL" name="com.allinmd.android.CollectCheckCaseCase" tests="4" failures="0" timestamp="18 Sep 2015 05:48:04 GMT" time="97.034" errors="0">
  <testcase name="checkCollectCase" time="12.760" classname="com.allinmd.android.CollectCheckCaseCase"/>
  <testcase name="collectCase" time="3.748" classname="com.allinmd.android.CollectCheckCaseCase"/>
  <testcase name="allinLogin" time="76.431" classname="com.allinmd.android.CollectCheckCaseCase"/>
  <testcase name="cancelCollectCase" time="4.095" classname="com.allinmd.android.CollectCheckCaseCase"/>
</testsuite> <!-- com.allinmd.android.CollectCheckCaseCase -->
