<?xml version="1.0" encoding="UTF-8"?>
<!-- Generated by org.testng.reporters.JUnitReportReporter -->
<testsuite hostname="2012-20150403HL" name="com.allinmd.android.RegEmailCase" tests="2" failures="0" timestamp="17 Sep 2015 08:58:16 GMT" time="58.644" errors="0">
  <testcase name="assertRegButton" time="6.343" classname="com.allinmd.android.RegEmailCase"/>
  <testcase name="regEmail" time="52.301" classname="com.allinmd.android.RegEmailCase"/>
</testsuite> <!-- com.allinmd.android.RegEmailCase -->
