<?xml version="1.0" encoding="UTF-8"?>
<!-- Generated by org.testng.reporters.JUnitReportReporter -->
<testsuite hostname="Work" name="com.allinmd.android.CAOSLoginEmailCase" tests="3" failures="0" timestamp="2 Sep 2015 07:26:33 GMT" time="30.200" errors="0">
  <testcase name="assertRegButton" time="5.328" classname="com.allinmd.android.CAOSLoginEmailCase"/>
  <testcase name="loginEmail" time="17.784" classname="com.allinmd.android.CAOSLoginEmailCase"/>
  <testcase name="logoutEmail" time="7.088" classname="com.allinmd.android.CAOSLoginEmailCase"/>
</testsuite> <!-- com.allinmd.android.CAOSLoginEmailCase -->
