<?xml version="1.0" encoding="UTF-8"?>
<!-- Generated by org.testng.reporters.JUnitReportReporter -->
<testsuite hostname="2012-20150403HL" name="com.allinmd.util.AlterDeviceHosts" tests="1" failures="0" timestamp="3 Aug 2015 07:20:58 GMT" time="30.856" errors="0">
  <testcase name="alterHosts" time="30.856" classname="com.allinmd.util.AlterDeviceHosts"/>
</testsuite> <!-- com.allinmd.util.AlterDeviceHosts -->
