<?xml version="1.0" encoding="UTF-8"?>
<!-- Generated by org.testng.reporters.JUnitReportReporter -->
<testsuite hostname="2012-20150403HL" name="com.allinmd.android.CollectCheckTopicCase" tests="4" failures="0" timestamp="18 Sep 2015 05:48:04 GMT" time="95.320" errors="0">
  <testcase name="cancelCollectTopic" time="3.703" classname="com.allinmd.android.CollectCheckTopicCase"/>
  <testcase name="collectTopic" time="3.573" classname="com.allinmd.android.CollectCheckTopicCase"/>
  <testcase name="allinLogin" time="75.685" classname="com.allinmd.android.CollectCheckTopicCase"/>
  <testcase name="checkCollectTopic" time="12.359" classname="com.allinmd.android.CollectCheckTopicCase"/>
</testsuite> <!-- com.allinmd.android.CollectCheckTopicCase -->
