<?xml version="1.0" encoding="UTF-8"?>
<!-- Generated by org.testng.reporters.JUnitReportReporter -->
<testsuite hostname="2012-20150403HL" name="com.allinmd.util.GetTxtData" tests="1" failures="0" timestamp="30 Jul 2015 08:34:26 GMT" time="0.012" errors="0">
  <testcase name="f" time="0.012" classname="com.allinmd.util.GetTxtData"/>
</testsuite> <!-- com.allinmd.util.GetTxtData -->
