<?xml version="1.0" encoding="UTF-8"?>
<!-- Generated by org.testng.reporters.JUnitReportReporter -->
<testsuite hostname="2012-20150403HL" name="com.allinmd.android.SubscribeListSortCase" tests="8" failures="0" timestamp="6 Sep 2015 08:26:27 GMT" time="79.554" errors="0">
  <testcase name="caseByViewSort" time="9.312" classname="com.allinmd.android.SubscribeListSortCase"/>
  <testcase name="topicByViewSort" time="8.308" classname="com.allinmd.android.SubscribeListSortCase"/>
  <testcase name="videoByViewSort" time="7.621" classname="com.allinmd.android.SubscribeListSortCase"/>
  <testcase name="rssList" time="7.500" classname="com.allinmd.android.SubscribeListSortCase"/>
  <testcase name="caseByReviewSort" time="5.825" classname="com.allinmd.android.SubscribeListSortCase"/>
  <testcase name="topicByReviewSort" time="6.187" classname="com.allinmd.android.SubscribeListSortCase"/>
  <testcase name="allinLogin" time="28.867" classname="com.allinmd.android.SubscribeListSortCase"/>
  <testcase name="videoByReviewSort" time="5.934" classname="com.allinmd.android.SubscribeListSortCase"/>
</testsuite> <!-- com.allinmd.android.SubscribeListSortCase -->
