<?xml version="1.0" encoding="UTF-8"?>
<!-- Generated by org.testng.reporters.JUnitReportReporter -->
<testsuite hostname="Work" name="com.allinmd.android.NotLoginCaseAccess" tests="2" failures="0" timestamp="2 Sep 2015 09:38:38 GMT" time="28.030" errors="0">
  <testcase name="loginAllmd" time="14.887" classname="com.allinmd.android.NotLoginCaseAccess"/>
  <testcase name="notLoginCaseAccess" time="13.143" classname="com.allinmd.android.NotLoginCaseAccess"/>
</testsuite> <!-- com.allinmd.android.NotLoginCaseAccess -->
