<?xml version="1.0" encoding="UTF-8"?>
<!-- Generated by org.testng.reporters.JUnitReportReporter -->
<testsuite hostname="Work" name="com.allinmd.android.UpdatePasswordCase" tests="2" failures="0" timestamp="2 Sep 2015 02:59:08 GMT" time="104.809" errors="0">
  <testcase name="assertPassword" time="54.056" classname="com.allinmd.android.UpdatePasswordCase"/>
  <testcase name="updatePassword" time="50.753" classname="com.allinmd.android.UpdatePasswordCase"/>
</testsuite> <!-- com.allinmd.android.UpdatePasswordCase -->
