<?xml version="1.0" encoding="UTF-8"?>
<!-- Generated by org.testng.reporters.JUnitReportReporter -->
<testsuite hostname="2012-20150403HL" name="com.allinmd.android.ForGetPWEmailCase" tests="1" failures="0" timestamp="18 Sep 2015 08:01:06 GMT" time="50.456" errors="0">
  <testcase name="emailFindPW" time="50.456" classname="com.allinmd.android.ForGetPWEmailCase"/>
</testsuite> <!-- com.allinmd.android.ForGetPWEmailCase -->
