<?xml version="1.0" encoding="UTF-8"?>
<!-- Generated by org.testng.reporters.JUnitReportReporter -->
<testsuite hostname="2012-20150403HL" name="com.allinmd.android.NotAuthTopicAccessCase" tests="1" failures="0" timestamp="17 Sep 2015 09:29:35 GMT" time="68.512" errors="0">
  <testcase name="notAuthCaseAccess" time="68.512" classname="com.allinmd.android.NotAuthTopicAccessCase"/>
</testsuite> <!-- com.allinmd.android.NotAuthTopicAccessCase -->
