<?xml version="1.0" encoding="UTF-8"?>
<!-- Generated by org.testng.reporters.JUnitReportReporter -->
<testsuite hostname="2012-20150403HL" name="com.allinmd.android.SortCaseListCase" tests="5" failures="0" timestamp="18 Sep 2015 05:48:04 GMT" time="169.649" errors="0">
  <testcase name="caseByReviewSort" time="5.953" classname="com.allinmd.android.SortCaseListCase"/>
  <testcase name="caseByMajorSort" time="25.366" classname="com.allinmd.android.SortCaseListCase"/>
  <testcase name="caseByTagSort" time="58.044" classname="com.allinmd.android.SortCaseListCase"/>
  <testcase name="allinLogin" time="72.297" classname="com.allinmd.android.SortCaseListCase"/>
  <testcase name="caseByViewSort" time="7.989" classname="com.allinmd.android.SortCaseListCase"/>
</testsuite> <!-- com.allinmd.android.SortCaseListCase -->
