<?xml version="1.0" encoding="UTF-8"?>
<!-- Generated by org.testng.reporters.JUnitReportReporter -->
<testsuite hostname="Work" name="com.allinmd.android.NotAuthCaseAccess" tests="2" failures="0" timestamp="31 Aug 2015 03:26:24 GMT" time="99.044" errors="0">
  <testcase name="notAuthCaseAccess" time="32.187" classname="com.allinmd.android.NotAuthCaseAccess"/>
  <testcase name="authAllmd" time="66.857" classname="com.allinmd.android.NotAuthCaseAccess"/>
</testsuite> <!-- com.allinmd.android.NotAuthCaseAccess -->
