<?xml version="1.0" encoding="UTF-8"?>
<!-- Generated by org.testng.reporters.JUnitReportReporter -->
<testsuite hostname="2012-20150403HL" name="com.allinmd.android.RegPhoneCase" tests="2" failures="0" timestamp="17 Sep 2015 08:14:25 GMT" time="72.528" errors="0">
  <testcase name="assertRegButton" time="6.873" classname="com.allinmd.android.RegPhoneCase"/>
  <testcase name="regPhone" time="65.655" classname="com.allinmd.android.RegPhoneCase"/>
</testsuite> <!-- com.allinmd.android.RegPhoneCase -->
