<?xml version="1.0" encoding="UTF-8"?>
<!-- Generated by org.testng.reporters.JUnitReportReporter -->
<testsuite hostname="2012-20150403HL" name="com.allinmd.android.PubUpdateSelectDeleteCaseCase" tests="2" failures="0" timestamp="8 Sep 2015 03:54:39 GMT" time="106.022" errors="0">
  <testcase name="allinLogin" time="29.454" classname="com.allinmd.android.PubUpdateSelectDeleteCaseCase"/>
  <testcase name="pubCase" time="76.568" classname="com.allinmd.android.PubUpdateSelectDeleteCaseCase"/>
</testsuite> <!-- com.allinmd.android.PubUpdateSelectDeleteCaseCase -->
