<?xml version="1.0" encoding="UTF-8"?>
<!-- Generated by org.testng.reporters.JUnitReportReporter -->
<testsuite hostname="Work" name="com.allinmd.android.SortCaseCase" tests="5" failures="0" timestamp="3 Sep 2015 07:55:33 GMT" time="100.130" errors="0">
  <testcase name="caseByReviewSort" time="6.669" classname="com.allinmd.android.SortCaseCase"/>
  <testcase name="allinLogin" time="25.313" classname="com.allinmd.android.SortCaseCase"/>
  <testcase name="caseByMajorSort" time="13.437" classname="com.allinmd.android.SortCaseCase"/>
  <testcase name="caseByTagSort" time="47.264" classname="com.allinmd.android.SortCaseCase"/>
  <testcase name="caseByViewSort" time="7.447" classname="com.allinmd.android.SortCaseCase"/>
</testsuite> <!-- com.allinmd.android.SortCaseCase -->
