<?xml version="1.0" encoding="UTF-8"?>
<!-- Generated by org.testng.reporters.JUnitReportReporter -->
<testsuite hostname="2012-20150403HL" name="com.allinmd.android.CollectCheckCommentCase" tests="4" failures="0" timestamp="18 Sep 2015 05:48:04 GMT" time="112.773" errors="0">
  <testcase name="allinLogin" time="74.969" classname="com.allinmd.android.CollectCheckCommentCase"/>
  <testcase name="checkCollectComment" time="12.333" classname="com.allinmd.android.CollectCheckCommentCase"/>
  <testcase name="collectComment" time="22.497" classname="com.allinmd.android.CollectCheckCommentCase"/>
  <testcase name="cancelCollectComment" time="2.974" classname="com.allinmd.android.CollectCheckCommentCase"/>
</testsuite> <!-- com.allinmd.android.CollectCheckCommentCase -->
