<?xml version="1.0" encoding="UTF-8"?>
<!-- Generated by org.testng.reporters.JUnitReportReporter -->
<testsuite hostname="Work" name="com.allinmd.android.NotAuthTopicAccess" tests="1" failures="0" timestamp="31 Aug 2015 03:28:16 GMT" time="28.693" errors="0">
  <testcase name="notAuthCaseAccess" time="28.693" classname="com.allinmd.android.NotAuthTopicAccess"/>
</testsuite> <!-- com.allinmd.android.NotAuthTopicAccess -->
