<?xml version="1.0" encoding="UTF-8"?>
<!-- Generated by org.testng.reporters.JUnitReportReporter -->
<testsuite hostname="2012-20150403HL" name="com.allinmd.android.Helloworld" tests="1" failures="0" timestamp="27 Jul 2015 08:30:27 GMT" time="0.006" errors="0">
  <testcase name="f" time="0.006" classname="com.allinmd.android.Helloworld"/>
</testsuite> <!-- com.allinmd.android.Helloworld -->
