<?xml version="1.0" encoding="UTF-8"?>
<!-- Generated by org.testng.reporters.JUnitReportReporter -->
<testsuite hostname="2012-20150403HL" name="com.allinmd.util.DeviceParse" tests="1" failures="0" timestamp="17 Sep 2015 01:49:03 GMT" time="0.056" errors="0">
  <testcase name="f" time="0.056" classname="com.allinmd.util.DeviceParse"/>
</testsuite> <!-- com.allinmd.util.DeviceParse -->
