<?xml version="1.0" encoding="UTF-8"?>
<!-- Generated by org.testng.reporters.JUnitReportReporter -->
<testsuite hostname="2012-20150403HL" name="com.allinmd.android.CollectCheckCase" tests="4" failures="0" timestamp="14 Sep 2015 03:13:06 GMT" time="53.525" errors="0">
  <testcase name="collectCase" time="4.308" classname="com.allinmd.android.CollectCheckCase"/>
  <testcase name="checkCollectCase" time="13.736" classname="com.allinmd.android.CollectCheckCase"/>
  <testcase name="cancelCollect" time="4.036" classname="com.allinmd.android.CollectCheckCase"/>
  <testcase name="allinLogin" time="31.445" classname="com.allinmd.android.CollectCheckCase"/>
</testsuite> <!-- com.allinmd.android.CollectCheckCase -->
