<?xml version="1.0" encoding="UTF-8"?>
<!-- Generated by org.testng.reporters.JUnitReportReporter -->
<testsuite hostname="2012-20150403HL" name="com.allinmd.android.SearchKeywordCase" tests="6" failures="0" timestamp="18 Sep 2015 05:48:04 GMT" time="111.408" errors="0">
  <testcase name="assertDoctor" time="16.724" classname="com.allinmd.android.SearchKeywordCase"/>
  <testcase name="searchF" time="19.938" classname="com.allinmd.android.SearchKeywordCase"/>
  <testcase name="assertVideo" time="17.500" classname="com.allinmd.android.SearchKeywordCase"/>
  <testcase name="assertCase" time="20.572" classname="com.allinmd.android.SearchKeywordCase"/>
  <testcase name="assertTopic" time="18.333" classname="com.allinmd.android.SearchKeywordCase"/>
  <testcase name="assertLabel" time="18.341" classname="com.allinmd.android.SearchKeywordCase"/>
</testsuite> <!-- com.allinmd.android.SearchKeywordCase -->
