<?xml version="1.0" encoding="UTF-8"?>
<!-- Generated by org.testng.reporters.JUnitReportReporter -->
<testsuite hostname="2012-20150403HL" name="com.allinmd.android.PubEditDeleteCaseCase" tests="4" failures="0" timestamp="8 Sep 2015 06:45:28 GMT" time="124.556" errors="0">
  <testcase name="pubCase" time="63.329" classname="com.allinmd.android.PubEditDeleteCaseCase"/>
  <testcase name="editCase" time="17.069" classname="com.allinmd.android.PubEditDeleteCaseCase"/>
  <testcase name="deleteCase" time="11.164" classname="com.allinmd.android.PubEditDeleteCaseCase"/>
  <testcase name="allinLogin" time="32.994" classname="com.allinmd.android.PubEditDeleteCaseCase"/>
</testsuite> <!-- com.allinmd.android.PubEditDeleteCaseCase -->
