<?xml version="1.0" encoding="UTF-8"?>
<!-- Generated by org.testng.reporters.JUnitReportReporter -->
<testsuite hostname="2012-20150403HL" name="com.allinmd.android.SortSubscribeListCase" tests="8" failures="0" timestamp="18 Sep 2015 05:48:04 GMT" time="123.601" errors="0">
  <testcase name="topicByViewSort" time="8.290" classname="com.allinmd.android.SortSubscribeListCase"/>
  <testcase name="caseByReviewSort" time="5.872" classname="com.allinmd.android.SortSubscribeListCase"/>
  <testcase name="rssList" time="3.304" classname="com.allinmd.android.SortSubscribeListCase"/>
  <testcase name="caseByViewSort" time="8.186" classname="com.allinmd.android.SortSubscribeListCase"/>
  <testcase name="allinLogin" time="77.375" classname="com.allinmd.android.SortSubscribeListCase"/>
  <testcase name="videoByReviewSort" time="6.174" classname="com.allinmd.android.SortSubscribeListCase"/>
  <testcase name="topicByReviewSort" time="5.910" classname="com.allinmd.android.SortSubscribeListCase"/>
  <testcase name="videoByViewSort" time="8.490" classname="com.allinmd.android.SortSubscribeListCase"/>
</testsuite> <!-- com.allinmd.android.SortSubscribeListCase -->
