<?xml version="1.0" encoding="UTF-8"?>
<!-- Generated by org.testng.reporters.JUnitReportReporter -->
<testsuite hostname="2012-20150403HL" name="com.allinmd.android.RegAuthEmailCase" tests="3" failures="0" timestamp="18 Sep 2015 01:39:15 GMT" time="135.423" errors="0">
  <testcase name="regEmail" time="51.387" classname="com.allinmd.android.RegAuthEmailCase"/>
  <testcase name="assertRegButton" time="10.417" classname="com.allinmd.android.RegAuthEmailCase"/>
  <testcase name="regAuthEmail" time="73.619" classname="com.allinmd.android.RegAuthEmailCase"/>
</testsuite> <!-- com.allinmd.android.RegAuthEmailCase -->
