<?xml version="1.0" encoding="UTF-8"?>
<!-- Generated by org.testng.reporters.JUnitReportReporter -->
<testsuite hostname="2012-20150403HL" name="com.allinmd.util.TxtFile" tests="1" failures="0" timestamp="20 Aug 2015 06:22:34 GMT" time="0.011" errors="0">
  <testcase name="f" time="0.011" classname="com.allinmd.util.TxtFile"/>
</testsuite> <!-- com.allinmd.util.TxtFile -->
