<?xml version="1.0" encoding="UTF-8"?>
<!-- Generated by org.testng.reporters.JUnitReportReporter -->
<testsuite hostname="2012-20150403HL" name="com.allinmd.util.CreateUser" tests="1" failures="0" timestamp="3 Aug 2015 09:38:46 GMT" time="0.383" errors="0">
  <testcase name="f" time="0.383" classname="com.allinmd.util.CreateUser"/>
</testsuite> <!-- com.allinmd.util.CreateUser -->
