<?xml version="1.0" encoding="UTF-8"?>
<!-- Generated by org.testng.reporters.JUnitReportReporter -->
<testsuite hostname="2012-20150403HL" name="com.allinmd.util.test" tests="1" failures="0" timestamp="3 Aug 2015 07:23:08 GMT" time="0.014" errors="0">
  <testcase name="f" time="0.014" classname="com.allinmd.util.test"/>
</testsuite> <!-- com.allinmd.util.test -->
