<?xml version="1.0" encoding="UTF-8"?>
<!-- Generated by org.testng.reporters.JUnitReportReporter -->
<testsuite hostname="2012-20150403HL" name="com.allinmd.android.SubscribeEditCase" tests="3" failures="0" timestamp="18 Sep 2015 06:16:33 GMT" time="107.484" errors="0">
  <testcase name="addSubscribe" time="8.593" classname="com.allinmd.android.SubscribeEditCase"/>
  <testcase name="allinLogin" time="93.349" classname="com.allinmd.android.SubscribeEditCase"/>
  <testcase name="checkSubscribe" time="5.542" classname="com.allinmd.android.SubscribeEditCase"/>
</testsuite> <!-- com.allinmd.android.SubscribeEditCase -->
