<?xml version="1.0" encoding="UTF-8"?>
<!-- Generated by org.testng.reporters.JUnitReportReporter -->
<testsuite hostname="2012-20150403HL" name="com.allinmd.android.CollectCheckVideoCase" tests="4" failures="0" timestamp="18 Sep 2015 05:48:04 GMT" time="112.590" errors="0">
  <testcase name="checkCollectVideo" time="12.396" classname="com.allinmd.android.CollectCheckVideoCase"/>
  <testcase name="cancelCollectVideo" time="4.415" classname="com.allinmd.android.CollectCheckVideoCase"/>
  <testcase name="collectVideo" time="6.640" classname="com.allinmd.android.CollectCheckVideoCase"/>
  <testcase name="allinLogin" time="89.139" classname="com.allinmd.android.CollectCheckVideoCase"/>
</testsuite> <!-- com.allinmd.android.CollectCheckVideoCase -->
