<?xml version="1.0" encoding="UTF-8"?>
<!-- Generated by org.testng.reporters.JUnitReportReporter -->
<testsuite hostname="2012-20150403HL" name="com.allinmd.android.AttentionFansCase" tests="4" failures="0" timestamp="18 Sep 2015 05:48:04 GMT" time="88.074" errors="0">
  <testcase name="attention" time="5.898" classname="com.allinmd.android.AttentionFansCase"/>
  <testcase name="checkFans" time="3.742" classname="com.allinmd.android.AttentionFansCase"/>
  <testcase name="allinLogin" time="78.347" classname="com.allinmd.android.AttentionFansCase"/>
  <testcase name="checkAttention" time="0.087" classname="com.allinmd.android.AttentionFansCase"/>
</testsuite> <!-- com.allinmd.android.AttentionFansCase -->
