<?xml version="1.0" encoding="UTF-8"?>
<!-- Generated by org.testng.reporters.JUnitReportReporter -->
<testsuite hostname="2012-20150403HL" name="com.allinmd.android.LoginEmailCase" tests="3" failures="0" timestamp="18 Sep 2015 02:15:16 GMT" time="97.544" errors="0">
  <testcase name="loginEmail" time="80.649" classname="com.allinmd.android.LoginEmailCase"/>
  <testcase name="logoutEmail" time="7.381" classname="com.allinmd.android.LoginEmailCase"/>
  <testcase name="assertRegButton" time="9.514" classname="com.allinmd.android.LoginEmailCase"/>
</testsuite> <!-- com.allinmd.android.LoginEmailCase -->
