<?xml version="1.0" encoding="UTF-8"?>
<!-- Generated by org.testng.reporters.JUnitReportReporter -->
<testsuite hostname="2012-20150403HL" name="com.allinmd.android.SortTopicListCase" tests="4" failures="0" timestamp="18 Sep 2015 05:48:04 GMT" time="110.954" errors="0">
  <testcase name="topicByTagSort" time="26.364" classname="com.allinmd.android.SortTopicListCase"/>
  <testcase name="topicByReviewSort" time="6.219" classname="com.allinmd.android.SortTopicListCase"/>
  <testcase name="topicByViewSort" time="7.450" classname="com.allinmd.android.SortTopicListCase"/>
  <testcase name="allinLogin" time="70.921" classname="com.allinmd.android.SortTopicListCase"/>
</testsuite> <!-- com.allinmd.android.SortTopicListCase -->
