<?xml version="1.0" encoding="UTF-8"?>
<!-- Generated by org.testng.reporters.JUnitReportReporter -->
<testsuite hostname="2012-20150403HL" name="com.allinmd.android.CheckDoctorResourceCase" tests="7" failures="0" timestamp="18 Sep 2015 05:48:04 GMT" time="155.259" errors="0">
  <testcase name="checkComment" time="20.357" classname="com.allinmd.android.CheckDoctorResourceCase"/>
  <testcase name="allinLogin" time="79.117" classname="com.allinmd.android.CheckDoctorResourceCase"/>
  <testcase name="checkReleaseTopic" time="2.813" classname="com.allinmd.android.CheckDoctorResourceCase"/>
  <testcase name="checkCollect" time="9.868" classname="com.allinmd.android.CheckDoctorResourceCase"/>
  <testcase name="checkReleaseVideo" time="18.243" classname="com.allinmd.android.CheckDoctorResourceCase"/>
  <testcase name="checkBrowsing" time="3.897" classname="com.allinmd.android.CheckDoctorResourceCase"/>
  <testcase name="checkReleaseCase" time="20.964" classname="com.allinmd.android.CheckDoctorResourceCase"/>
</testsuite> <!-- com.allinmd.android.CheckDoctorResourceCase -->
