<?xml version="1.0" encoding="UTF-8"?>
<!-- Generated by org.testng.reporters.JUnitReportReporter -->
<testsuite hostname="2012-20150403HL" name="com.allinmd.android.test" tests="1" failures="0" timestamp="20 Aug 2015 05:30:21 GMT" time="0.011" errors="0">
  <testcase name="f" time="0.011" classname="com.allinmd.android.test"/>
</testsuite> <!-- com.allinmd.android.test -->
