<?xml version="1.0" encoding="UTF-8"?>
<!-- Generated by org.testng.reporters.JUnitReportReporter -->
<testsuite hostname="Work" name="com.allinmd.util.Dom4jXml" tests="1" failures="0" timestamp="2 Sep 2015 04:03:24 GMT" time="0.143" errors="0">
  <testcase name="f" time="0.143" classname="com.allinmd.util.Dom4jXml"/>
</testsuite> <!-- com.allinmd.util.Dom4jXml -->
