<?xml version="1.0" encoding="UTF-8"?>
<!-- Generated by org.testng.reporters.JUnitReportReporter -->
<testsuite hostname="Work" name="com.allinmd.android.CAOSLoginPhoneCase" tests="3" failures="0" timestamp="2 Sep 2015 07:26:33 GMT" time="29.849" errors="0">
  <testcase name="logoutEmail" time="6.622" classname="com.allinmd.android.CAOSLoginPhoneCase"/>
  <testcase name="loginPhone" time="18.086" classname="com.allinmd.android.CAOSLoginPhoneCase"/>
  <testcase name="assertRegButton" time="5.141" classname="com.allinmd.android.CAOSLoginPhoneCase"/>
</testsuite> <!-- com.allinmd.android.CAOSLoginPhoneCase -->
