<?xml version="1.0" encoding="UTF-8"?>
<!-- Generated by org.testng.reporters.JUnitReportReporter -->
<testsuite hostname="2012-20150403HL" name="com.allinmd.android.PubCheckTopicCase" tests="3" failures="0" timestamp="8 Sep 2015 08:03:05 GMT" time="83.669" errors="0">
  <testcase name="allinLogin" time="29.813" classname="com.allinmd.android.PubCheckTopicCase"/>
  <testcase name="checkTopic" time="7.231" classname="com.allinmd.android.PubCheckTopicCase"/>
  <testcase name="pubTopic" time="46.625" classname="com.allinmd.android.PubCheckTopicCase"/>
</testsuite> <!-- com.allinmd.android.PubCheckTopicCase -->
