<?xml version="1.0" encoding="UTF-8"?>
<!-- Generated by org.testng.reporters.JUnitReportReporter -->
<testsuite hostname="2012-20150403HL" name="com.allinmd.android.SortVideoListCase" tests="5" failures="0" timestamp="18 Sep 2015 05:48:04 GMT" time="117.991" errors="0">
  <testcase name="allinLogin" time="73.044" classname="com.allinmd.android.SortVideoListCase"/>
  <testcase name="videoByReviewSort" time="6.313" classname="com.allinmd.android.SortVideoListCase"/>
  <testcase name="videoByViewSort" time="8.048" classname="com.allinmd.android.SortVideoListCase"/>
  <testcase name="videoByMajorSort" time="14.716" classname="com.allinmd.android.SortVideoListCase"/>
  <testcase name="videoByTagSort" time="15.870" classname="com.allinmd.android.SortVideoListCase"/>
</testsuite> <!-- com.allinmd.android.SortVideoListCase -->
